Error: bind EADDRINUSE null:3001
    at listenOnPrimaryHandle (node:net:2021:18)
    at rr (node:internal/cluster/child:163:12)
    at Worker.<anonymous> (node:internal/cluster/child:113:7)
    at process.onInternalMessage (node:internal/cluster/utils:49:5)
    at process.emit (node:events:520:35)
    at emit (node:internal/child_process:949:14)
    at process.processTicksAndRejections (node:internal/process/task_queues:91:21)
Error: bind EADDRINUSE null:3001
    at listenOnPrimaryHandle (node:net:2021:18)
    at rr (node:internal/cluster/child:163:12)
    at Worker.<anonymous> (node:internal/cluster/child:113:7)
    at process.onInternalMessage (node:internal/cluster/utils:49:5)
    at process.emit (node:events:520:35)
    at emit (node:internal/child_process:949:14)
    at process.processTicksAndRejections (node:internal/process/task_queues:91:21)
Error: bind EADDRINUSE null:3001
    at listenOnPrimaryHandle (node:net:2021:18)
    at rr (node:internal/cluster/child:163:12)
    at Worker.<anonymous> (node:internal/cluster/child:113:7)
    at process.onInternalMessage (node:internal/cluster/utils:49:5)
    at process.emit (node:events:520:35)
    at emit (node:internal/child_process:949:14)
    at process.processTicksAndRejections (node:internal/process/task_queues:91:21)
Error: bind EADDRINUSE null:3001
    at listenOnPrimaryHandle (node:net:2021:18)
    at rr (node:internal/cluster/child:163:12)
    at Worker.<anonymous> (node:internal/cluster/child:113:7)
    at process.onInternalMessage (node:internal/cluster/utils:49:5)
    at process.emit (node:events:520:35)
    at emit (node:internal/child_process:949:14)
    at process.processTicksAndRejections (node:internal/process/task_queues:91:21)
Error: bind EADDRINUSE null:3001
    at listenOnPrimaryHandle (node:net:2021:18)
    at rr (node:internal/cluster/child:163:12)
    at Worker.<anonymous> (node:internal/cluster/child:113:7)
    at process.onInternalMessage (node:internal/cluster/utils:49:5)
    at process.emit (node:events:520:35)
    at emit (node:internal/child_process:949:14)
    at process.processTicksAndRejections (node:internal/process/task_queues:91:21)
Error: bind EADDRINUSE null:3001
    at listenOnPrimaryHandle (node:net:2021:18)
    at rr (node:internal/cluster/child:163:12)
    at Worker.<anonymous> (node:internal/cluster/child:113:7)
    at process.onInternalMessage (node:internal/cluster/utils:49:5)
    at process.emit (node:events:520:35)
    at emit (node:internal/child_process:949:14)
    at process.processTicksAndRejections (node:internal/process/task_queues:91:21)
Error: bind EADDRINUSE null:3001
    at listenOnPrimaryHandle (node:net:2021:18)
    at rr (node:internal/cluster/child:163:12)
    at Worker.<anonymous> (node:internal/cluster/child:113:7)
    at process.onInternalMessage (node:internal/cluster/utils:49:5)
    at process.emit (node:events:520:35)
    at emit (node:internal/child_process:949:14)
    at process.processTicksAndRejections (node:internal/process/task_queues:91:21)
2025-10-23T17:47:16: MongoDB connection error: Error: querySrv ENOTFOUND _mongodb._tcp.cluster.mongodb.net
    at QueryReqWrap.onresolve [as oncomplete] (node:internal/dns/promises:294:17) {
  errno: undefined,
  code: 'ENOTFOUND',
  syscall: 'querySrv',
  hostname: '_mongodb._tcp.cluster.mongodb.net'
}
Error: bind EADDRINUSE null:3001
    at listenOnPrimaryHandle (node:net:2021:18)
    at rr (node:internal/cluster/child:163:12)
    at Worker.<anonymous> (node:internal/cluster/child:113:7)
    at process.onInternalMessage (node:internal/cluster/utils:49:5)
    at process.emit (node:events:520:35)
    at emit (node:internal/child_process:949:14)
    at process.processTicksAndRejections (node:internal/process/task_queues:91:21)
Error: bind EADDRINUSE null:3001
    at listenOnPrimaryHandle (node:net:2021:18)
    at rr (node:internal/cluster/child:163:12)
    at Worker.<anonymous> (node:internal/cluster/child:113:7)
    at process.onInternalMessage (node:internal/cluster/utils:49:5)
    at process.emit (node:events:520:35)
    at emit (node:internal/child_process:949:14)
    at process.processTicksAndRejections (node:internal/process/task_queues:91:21)
Error: bind EADDRINUSE null:3001
    at listenOnPrimaryHandle (node:net:2021:18)
    at rr (node:internal/cluster/child:163:12)
    at Worker.<anonymous> (node:internal/cluster/child:113:7)
    at process.onInternalMessage (node:internal/cluster/utils:49:5)
    at process.emit (node:events:520:35)
    at emit (node:internal/child_process:949:14)
    at process.processTicksAndRejections (node:internal/process/task_queues:91:21)
Error: bind EADDRINUSE null:3001
    at listenOnPrimaryHandle (node:net:2021:18)
    at rr (node:internal/cluster/child:163:12)
    at Worker.<anonymous> (node:internal/cluster/child:113:7)
    at process.onInternalMessage (node:internal/cluster/utils:49:5)
    at process.emit (node:events:520:35)
    at emit (node:internal/child_process:949:14)
    at process.processTicksAndRejections (node:internal/process/task_queues:91:21)
Error: bind EADDRINUSE null:3001
    at listenOnPrimaryHandle (node:net:2021:18)
    at rr (node:internal/cluster/child:163:12)
    at Worker.<anonymous> (node:internal/cluster/child:113:7)
    at process.onInternalMessage (node:internal/cluster/utils:49:5)
    at process.emit (node:events:520:35)
    at emit (node:internal/child_process:949:14)
    at process.processTicksAndRejections (node:internal/process/task_queues:91:21)
Error: bind EADDRINUSE null:3001
    at listenOnPrimaryHandle (node:net:2021:18)
    at rr (node:internal/cluster/child:163:12)
    at Worker.<anonymous> (node:internal/cluster/child:113:7)
    at process.onInternalMessage (node:internal/cluster/utils:49:5)
    at process.emit (node:events:520:35)
    at emit (node:internal/child_process:949:14)
    at process.processTicksAndRejections (node:internal/process/task_queues:91:21)
Error: bind EADDRINUSE null:3001
    at listenOnPrimaryHandle (node:net:2021:18)
    at rr (node:internal/cluster/child:163:12)
    at Worker.<anonymous> (node:internal/cluster/child:113:7)
    at process.onInternalMessage (node:internal/cluster/utils:49:5)
    at process.emit (node:events:520:35)
    at emit (node:internal/child_process:949:14)
    at process.processTicksAndRejections (node:internal/process/task_queues:91:21)
Error: bind EADDRINUSE null:3001
    at listenOnPrimaryHandle (node:net:2021:18)
    at rr (node:internal/cluster/child:163:12)
    at Worker.<anonymous> (node:internal/cluster/child:113:7)
    at process.onInternalMessage (node:internal/cluster/utils:49:5)
    at process.emit (node:events:520:35)
    at emit (node:internal/child_process:949:14)
    at process.processTicksAndRejections (node:internal/process/task_queues:91:21)
Error: bind EADDRINUSE null:3001
    at listenOnPrimaryHandle (node:net:2021:18)
    at rr (node:internal/cluster/child:163:12)
    at Worker.<anonymous> (node:internal/cluster/child:113:7)
    at process.onInternalMessage (node:internal/cluster/utils:49:5)
    at process.emit (node:events:520:35)
    at emit (node:internal/child_process:949:14)
    at process.processTicksAndRejections (node:internal/process/task_queues:91:21)
Error: bind EADDRINUSE null:3001
    at listenOnPrimaryHandle (node:net:2021:18)
    at rr (node:internal/cluster/child:163:12)
    at Worker.<anonymous> (node:internal/cluster/child:113:7)
    at process.onInternalMessage (node:internal/cluster/utils:49:5)
    at process.emit (node:events:520:35)
    at emit (node:internal/child_process:949:14)
    at process.processTicksAndRejections (node:internal/process/task_queues:91:21)
Error: bind EADDRINUSE null:3001
    at listenOnPrimaryHandle (node:net:2021:18)
    at rr (node:internal/cluster/child:163:12)
    at Worker.<anonymous> (node:internal/cluster/child:113:7)
    at process.onInternalMessage (node:internal/cluster/utils:49:5)
    at process.emit (node:events:520:35)
    at emit (node:internal/child_process:949:14)
    at process.processTicksAndRejections (node:internal/process/task_queues:91:21)
Error: bind EADDRINUSE null:3001
    at listenOnPrimaryHandle (node:net:2021:18)
    at rr (node:internal/cluster/child:163:12)
    at Worker.<anonymous> (node:internal/cluster/child:113:7)
    at process.onInternalMessage (node:internal/cluster/utils:49:5)
    at process.emit (node:events:520:35)
    at emit (node:internal/child_process:949:14)
    at process.processTicksAndRejections (node:internal/process/task_queues:91:21)
2025-10-23T17:47:43: MongoDB connection error: Error: querySrv ENOTFOUND _mongodb._tcp.cluster.mongodb.net
    at QueryReqWrap.onresolve [as oncomplete] (node:internal/dns/promises:294:17) {
  errno: undefined,
  code: 'ENOTFOUND',
  syscall: 'querySrv',
  hostname: '_mongodb._tcp.cluster.mongodb.net'
}
Error: bind EADDRINUSE null:3001
    at listenOnPrimaryHandle (node:net:2021:18)
    at rr (node:internal/cluster/child:163:12)
    at Worker.<anonymous> (node:internal/cluster/child:113:7)
    at process.onInternalMessage (node:internal/cluster/utils:49:5)
    at process.emit (node:events:520:35)
    at emit (node:internal/child_process:949:14)
    at process.processTicksAndRejections (node:internal/process/task_queues:91:21)
Error: bind EADDRINUSE null:3001
    at listenOnPrimaryHandle (node:net:2021:18)
    at rr (node:internal/cluster/child:163:12)
    at Worker.<anonymous> (node:internal/cluster/child:113:7)
    at process.onInternalMessage (node:internal/cluster/utils:49:5)
    at process.emit (node:events:520:35)
    at emit (node:internal/child_process:949:14)
    at process.processTicksAndRejections (node:internal/process/task_queues:91:21)
2025-10-23T17:47:49: MongoDB connection error: Error: querySrv ENOTFOUND _mongodb._tcp.cluster.mongodb.net
    at QueryReqWrap.onresolve [as oncomplete] (node:internal/dns/promises:294:17) {
  errno: undefined,
  code: 'ENOTFOUND',
  syscall: 'querySrv',
  hostname: '_mongodb._tcp.cluster.mongodb.net'
}
Error: bind EADDRINUSE null:3001
    at listenOnPrimaryHandle (node:net:2021:18)
    at rr (node:internal/cluster/child:163:12)
    at Worker.<anonymous> (node:internal/cluster/child:113:7)
    at process.onInternalMessage (node:internal/cluster/utils:49:5)
    at process.emit (node:events:520:35)
    at emit (node:internal/child_process:949:14)
    at process.processTicksAndRejections (node:internal/process/task_queues:91:21)
Error: bind EADDRINUSE null:3001
    at listenOnPrimaryHandle (node:net:2021:18)
    at rr (node:internal/cluster/child:163:12)
    at Worker.<anonymous> (node:internal/cluster/child:113:7)
    at process.onInternalMessage (node:internal/cluster/utils:49:5)
    at process.emit (node:events:520:35)
    at emit (node:internal/child_process:949:14)
    at process.processTicksAndRejections (node:internal/process/task_queues:91:21)
Error: bind EADDRINUSE null:3001
    at listenOnPrimaryHandle (node:net:2021:18)
    at rr (node:internal/cluster/child:163:12)
    at Worker.<anonymous> (node:internal/cluster/child:113:7)
    at process.onInternalMessage (node:internal/cluster/utils:49:5)
    at process.emit (node:events:520:35)
    at emit (node:internal/child_process:949:14)
    at process.processTicksAndRejections (node:internal/process/task_queues:91:21)
2025-10-23T17:47:55: MongoDB connection error: Error: querySrv ENOTFOUND _mongodb._tcp.cluster.mongodb.net
    at QueryReqWrap.onresolve [as oncomplete] (node:internal/dns/promises:294:17) {
  errno: undefined,
  code: 'ENOTFOUND',
  syscall: 'querySrv',
  hostname: '_mongodb._tcp.cluster.mongodb.net'
}
Error: bind EADDRINUSE null:3001
    at listenOnPrimaryHandle (node:net:2021:18)
    at rr (node:internal/cluster/child:163:12)
    at Worker.<anonymous> (node:internal/cluster/child:113:7)
    at process.onInternalMessage (node:internal/cluster/utils:49:5)
    at process.emit (node:events:520:35)
    at emit (node:internal/child_process:949:14)
    at process.processTicksAndRejections (node:internal/process/task_queues:91:21)
Error: bind EADDRINUSE null:3001
    at listenOnPrimaryHandle (node:net:2021:18)
    at rr (node:internal/cluster/child:163:12)
    at Worker.<anonymous> (node:internal/cluster/child:113:7)
    at process.onInternalMessage (node:internal/cluster/utils:49:5)
    at process.emit (node:events:520:35)
    at emit (node:internal/child_process:949:14)
    at process.processTicksAndRejections (node:internal/process/task_queues:91:21)
Error: bind EADDRINUSE null:3001
    at listenOnPrimaryHandle (node:net:2021:18)
    at rr (node:internal/cluster/child:163:12)
    at Worker.<anonymous> (node:internal/cluster/child:113:7)
    at process.onInternalMessage (node:internal/cluster/utils:49:5)
    at process.emit (node:events:520:35)
    at emit (node:internal/child_process:949:14)
    at process.processTicksAndRejections (node:internal/process/task_queues:91:21)
Error: bind EADDRINUSE null:3001
    at listenOnPrimaryHandle (node:net:2021:18)
    at rr (node:internal/cluster/child:163:12)
    at Worker.<anonymous> (node:internal/cluster/child:113:7)
    at process.onInternalMessage (node:internal/cluster/utils:49:5)
    at process.emit (node:events:520:35)
    at emit (node:internal/child_process:949:14)
    at process.processTicksAndRejections (node:internal/process/task_queues:91:21)
Error: bind EADDRINUSE null:3001
    at listenOnPrimaryHandle (node:net:2021:18)
    at rr (node:internal/cluster/child:163:12)
    at Worker.<anonymous> (node:internal/cluster/child:113:7)
    at process.onInternalMessage (node:internal/cluster/utils:49:5)
    at process.emit (node:events:520:35)
    at emit (node:internal/child_process:949:14)
    at process.processTicksAndRejections (node:internal/process/task_queues:91:21)
Error: bind EADDRINUSE null:3001
    at listenOnPrimaryHandle (node:net:2021:18)
    at rr (node:internal/cluster/child:163:12)
    at Worker.<anonymous> (node:internal/cluster/child:113:7)
    at process.onInternalMessage (node:internal/cluster/utils:49:5)
    at process.emit (node:events:520:35)
    at emit (node:internal/child_process:949:14)
    at process.processTicksAndRejections (node:internal/process/task_queues:91:21)
Error: bind EADDRINUSE null:3001
    at listenOnPrimaryHandle (node:net:2021:18)
    at rr (node:internal/cluster/child:163:12)
    at Worker.<anonymous> (node:internal/cluster/child:113:7)
    at process.onInternalMessage (node:internal/cluster/utils:49:5)
    at process.emit (node:events:520:35)
    at emit (node:internal/child_process:949:14)
    at process.processTicksAndRejections (node:internal/process/task_queues:91:21)
Error: bind EADDRINUSE null:3001
    at listenOnPrimaryHandle (node:net:2021:18)
    at rr (node:internal/cluster/child:163:12)
    at Worker.<anonymous> (node:internal/cluster/child:113:7)
    at process.onInternalMessage (node:internal/cluster/utils:49:5)
    at process.emit (node:events:520:35)
    at emit (node:internal/child_process:949:14)
    at process.processTicksAndRejections (node:internal/process/task_queues:91:21)
Error: bind EADDRINUSE null:3001
    at listenOnPrimaryHandle (node:net:2021:18)
    at rr (node:internal/cluster/child:163:12)
    at Worker.<anonymous> (node:internal/cluster/child:113:7)
    at process.onInternalMessage (node:internal/cluster/utils:49:5)
    at process.emit (node:events:520:35)
    at emit (node:internal/child_process:949:14)
    at process.processTicksAndRejections (node:internal/process/task_queues:91:21)
Error: bind EADDRINUSE null:3001
    at listenOnPrimaryHandle (node:net:2021:18)
    at rr (node:internal/cluster/child:163:12)
    at Worker.<anonymous> (node:internal/cluster/child:113:7)
    at process.onInternalMessage (node:internal/cluster/utils:49:5)
    at process.emit (node:events:520:35)
    at emit (node:internal/child_process:949:14)
    at process.processTicksAndRejections (node:internal/process/task_queues:91:21)
Error: bind EADDRINUSE null:3001
    at listenOnPrimaryHandle (node:net:2021:18)
    at rr (node:internal/cluster/child:163:12)
    at Worker.<anonymous> (node:internal/cluster/child:113:7)
    at process.onInternalMessage (node:internal/cluster/utils:49:5)
    at process.emit (node:events:520:35)
    at emit (node:internal/child_process:949:14)
    at process.processTicksAndRejections (node:internal/process/task_queues:91:21)
2025-10-23T17:48:18: MongoDB connection error: Error: querySrv ENOTFOUND _mongodb._tcp.cluster.mongodb.net
    at QueryReqWrap.onresolve [as oncomplete] (node:internal/dns/promises:294:17) {
  errno: undefined,
  code: 'ENOTFOUND',
  syscall: 'querySrv',
  hostname: '_mongodb._tcp.cluster.mongodb.net'
}
Error: bind EADDRINUSE null:3001
    at listenOnPrimaryHandle (node:net:2021:18)
    at rr (node:internal/cluster/child:163:12)
    at Worker.<anonymous> (node:internal/cluster/child:113:7)
    at process.onInternalMessage (node:internal/cluster/utils:49:5)
    at process.emit (node:events:520:35)
    at emit (node:internal/child_process:949:14)
    at process.processTicksAndRejections (node:internal/process/task_queues:91:21)
Error: bind EADDRINUSE null:3001
    at listenOnPrimaryHandle (node:net:2021:18)
    at rr (node:internal/cluster/child:163:12)
    at Worker.<anonymous> (node:internal/cluster/child:113:7)
    at process.onInternalMessage (node:internal/cluster/utils:49:5)
    at process.emit (node:events:520:35)
    at emit (node:internal/child_process:949:14)
    at process.processTicksAndRejections (node:internal/process/task_queues:91:21)
Error: bind EADDRINUSE null:3001
    at listenOnPrimaryHandle (node:net:2021:18)
    at rr (node:internal/cluster/child:163:12)
    at Worker.<anonymous> (node:internal/cluster/child:113:7)
    at process.onInternalMessage (node:internal/cluster/utils:49:5)
    at process.emit (node:events:520:35)
    at emit (node:internal/child_process:949:14)
    at process.processTicksAndRejections (node:internal/process/task_queues:91:21)
